<?xml version="1.0" encoding="UTF-8"?>
<!-- Generated by org.testng.reporters.JUnitReportReporter -->
<testsuite skipped="0" hostname="RANIA-YASSIN" name="tests.SignUpWithValidDataTest" tests="5" failures="0" timestamp="2022-02-19T20:16:12 EET" time="10.328" errors="0">
  <testcase name="signup" time="4.292" classname="tests.SignUpWithValidDataTest"/>
  <system-out/>
  <testcase name="login" time="1.780" classname="tests.SignUpWithValidDataTest"/>
  <system-out/>
  <testcase name="checkRegisteredUserData" time="1.051" classname="tests.SignUpWithValidDataTest"/>
  <system-out/>
  <testcase name="updateProfile" time="2.047" classname="tests.SignUpWithValidDataTest"/>
  <system-out/>
  <testcase name="logout" time="1.158" classname="tests.SignUpWithValidDataTest"/>
  <system-out/>
</testsuite> <!-- tests.SignUpWithValidDataTest -->
