<?xml version="1.0" encoding="UTF-8"?>
<!-- Generated by org.testng.reporters.JUnitReportReporter -->
<testsuite skipped="0" hostname="RANIA-YASSIN" name="tests.SignUpWithValidData" tests="5" failures="0" timestamp="2022-02-19T20:36:45 EET" time="10.642" errors="0">
  <testcase name="signup" time="4.337" classname="tests.SignUpWithValidData"/>
  <system-out/>
  <testcase name="login" time="2.318" classname="tests.SignUpWithValidData"/>
  <system-out/>
  <testcase name="checkRegisteredUserData" time="1.394" classname="tests.SignUpWithValidData"/>
  <system-out/>
  <testcase name="updateProfile" time="1.506" classname="tests.SignUpWithValidData"/>
  <system-out/>
  <testcase name="logout" time="1.087" classname="tests.SignUpWithValidData"/>
  <system-out/>
</testsuite> <!-- tests.SignUpWithValidData -->
