<?xml version="1.0" encoding="UTF-8"?>
<!-- Generated by org.testng.reporters.JUnitReportReporter -->
<testsuite skipped="0" hostname="RANIA-YASSIN" name="tests.SignupWithEmailAlreadyExist" tests="1" failures="0" timestamp="2022-02-19T20:36:45 EET" time="2.957" errors="0">
  <testcase name="signupWithEmailAlreadyExist" time="2.957" classname="tests.SignupWithEmailAlreadyExist"/>
  <system-out/>
</testsuite> <!-- tests.SignupWithEmailAlreadyExist -->
