<?xml version="1.0" encoding="UTF-8"?>
<!-- Generated by org.testng.reporters.JUnitReportReporter -->
<testsuite skipped="0" hostname="RANIA-YASSIN" name="tests.SignupTest" tests="1" failures="0" timestamp="2022-02-18T19:30:44 EET" time="26.605" errors="0">
  <testcase name="signup" time="26.605" classname="tests.SignupTest"/>
  <system-out/>
</testsuite> <!-- tests.SignupTest -->
